# JRE version: Java(TM) SE Runtime Environment (8.0_261-b12) (build 1.8.0_261-b12)
# Java VM: Java HotSpot(TM) 64-Bit Server VM (25.261-b12 mixed mode windows-amd64 compressed oops)
Heap:
 PSYoungGen      total 18432K, used 7938K [0x00000000eb580000, 0x00000000ed980000, 0x0000000100000000)
  eden space 15872K, 50% used [0x00000000eb580000,0x00000000ebd40a20,0x00000000ec500000)
  from space 2560K, 0% used [0x00000000ec500000,0x00000000ec500000,0x00000000ec780000)
  to   space 2560K, 0% used [0x00000000ed700000,0x00000000ed700000,0x00000000ed980000)
 ParOldGen       total 42496K, used 11177K [0x00000000c2000000, 0x00000000c4980000, 0x00000000eb580000)
  object space 42496K, 26% used [0x00000000c2000000,0x00000000c2aea7d8,0x00000000c4980000)
 Metaspace       used 8128K, capacity 8302K, committed 8576K, reserved 1056768K
  class space    used 963K, capacity 1063K, committed 1152K, reserved 1048576K
GC Heap History (4 events):
Event: 0.491 GC heap before
{Heap before GC invocations=1 (full 0):
 PSYoungGen      total 18432K, used 15872K [0x00000000eb580000, 0x00000000eca00000, 0x0000000100000000)
  eden space 15872K, 100% used [0x00000000eb580000,0x00000000ec500000,0x00000000ec500000)
  from space 2560K, 0% used [0x00000000ec780000,0x00000000ec780000,0x00000000eca00000)
  to   space 2560K, 0% used [0x00000000ec500000,0x00000000ec500000,0x00000000ec780000)
 ParOldGen       total 42496K, used 0K [0x00000000c2000000, 0x00000000c4980000, 0x00000000eb580000)
  object space 42496K, 0% used [0x00000000c2000000,0x00000000c2000000,0x00000000c4980000)
 Metaspace       used 7863K, capacity 8038K, committed 8192K, reserved 1056768K
  class space    used 915K, capacity 999K, committed 1024K, reserved 1048576K
Event: 0.510 GC heap after
Heap after GC invocations=1 (full 0):
 PSYoungGen      total 18432K, used 1584K [0x00000000eb580000, 0x00000000ed980000, 0x0000000100000000)
  eden space 15872K, 0% used [0x00000000eb580000,0x00000000eb580000,0x00000000ec500000)
  from space 2560K, 61% used [0x00000000ec500000,0x00000000ec68c038,0x00000000ec780000)
  to   space 2560K, 0% used [0x00000000ed700000,0x00000000ed700000,0x00000000ed980000)
 ParOldGen       total 42496K, used 28670K [0x00000000c2000000, 0x00000000c4980000, 0x00000000eb580000)
  object space 42496K, 67% used [0x00000000c2000000,0x00000000c3bff830,0x00000000c4980000)
 Metaspace       used 7863K, capacity 8038K, committed 8192K, reserved 1056768K
  class space    used 915K, capacity 999K, committed 1024K, reserved 1048576K
}
Event: 0.510 GC heap before
{Heap before GC invocations=2 (full 1):
 PSYoungGen      total 18432K, used 1584K [0x00000000eb580000, 0x00000000ed980000, 0x0000000100000000)
  eden space 15872K, 0% used [0x00000000eb580000,0x00000000eb580000,0x00000000ec500000)
  from space 2560K, 61% used [0x00000000ec500000,0x00000000ec68c038,0x00000000ec780000)
  to   space 2560K, 0% used [0x00000000ed700000,0x00000000ed700000,0x00000000ed980000)
 ParOldGen       total 42496K, used 28670K [0x00000000c2000000, 0x00000000c4980000, 0x00000000eb580000)
  object space 42496K, 67% used [0x00000000c2000000,0x00000000c3bff830,0x00000000c4980000)
 Metaspace       used 7863K, capacity 8038K, committed 8192K, reserved 1056768K
  class space    used 915K, capacity 999K, committed 1024K, reserved 1048576K
Event: 0.627 GC heap after
Heap after GC invocations=2 (full 1):
 PSYoungGen      total 18432K, used 0K [0x00000000eb580000, 0x00000000ed980000, 0x0000000100000000)
  eden space 15872K, 0% used [0x00000000eb580000,0x00000000eb580000,0x00000000ec500000)
  from space 2560K, 0% used [0x00000000ec500000,0x00000000ec500000,0x00000000ec780000)
  to   space 2560K, 0% used [0x00000000ed700000,0x00000000ed700000,0x00000000ed980000)
 ParOldGen       total 42496K, used 11177K [0x00000000c2000000, 0x00000000c4980000, 0x00000000eb580000)
  object space 42496K, 26% used [0x00000000c2000000,0x00000000c2aea7d8,0x00000000c4980000)
 Metaspace       used 7863K, capacity 8038K, committed 8192K, reserved 1056768K
  class space    used 915K, capacity 999K, committed 1024K, reserved 1048576K
}

