# JRE version: Java(TM) SE Runtime Environment (8.0_261-b12) (build 1.8.0_261-b12)
# Java VM: Java HotSpot(TM) 64-Bit Server VM (25.261-b12 mixed mode windows-amd64 compressed oops)
Heap:
 PSYoungGen      total 16384K, used 4763K [0x00000000eb580000, 0x00000000ec680000, 0x0000000100000000)
  eden space 15872K, 29% used [0x00000000eb580000,0x00000000eba16f08,0x00000000ec500000)
  from space 512K, 12% used [0x00000000ec580000,0x00000000ec590000,0x00000000ec600000)
  to   space 512K, 0% used [0x00000000ec600000,0x00000000ec600000,0x00000000ec680000)
 ParOldGen       total 42496K, used 18314K [0x00000000c2000000, 0x00000000c4980000, 0x00000000eb580000)
  object space 42496K, 43% used [0x00000000c2000000,0x00000000c31e2b68,0x00000000c4980000)
 Metaspace       used 8229K, capacity 8412K, committed 8576K, reserved 1056768K
  class space    used 936K, capacity 1032K, committed 1152K, reserved 1048576K
GC Heap History (10 events):
Event: 13232.928 GC heap before
{Heap before GC invocations=105 (full 0):
 PSYoungGen      total 16384K, used 15936K [0x00000000eb580000, 0x00000000ec680000, 0x0000000100000000)
  eden space 15872K, 100% used [0x00000000eb580000,0x00000000ec500000,0x00000000ec500000)
  from space 512K, 12% used [0x00000000ec600000,0x00000000ec610000,0x00000000ec680000)
  to   space 512K, 0% used [0x00000000ec580000,0x00000000ec580000,0x00000000ec600000)
 ParOldGen       total 42496K, used 18282K [0x00000000c2000000, 0x00000000c4980000, 0x00000000eb580000)
  object space 42496K, 43% used [0x00000000c2000000,0x00000000c31dab68,0x00000000c4980000)
 Metaspace       used 8227K, capacity 8412K, committed 8576K, reserved 1056768K
  class space    used 935K, capacity 1032K, committed 1152K, reserved 1048576K
Event: 13232.930 GC heap after
Heap after GC invocations=105 (full 0):
 PSYoungGen      total 16384K, used 32K [0x00000000eb580000, 0x00000000ec680000, 0x0000000100000000)
  eden space 15872K, 0% used [0x00000000eb580000,0x00000000eb580000,0x00000000ec500000)
  from space 512K, 6% used [0x00000000ec580000,0x00000000ec588000,0x00000000ec600000)
  to   space 512K, 0% used [0x00000000ec600000,0x00000000ec600000,0x00000000ec680000)
 ParOldGen       total 42496K, used 18282K [0x00000000c2000000, 0x00000000c4980000, 0x00000000eb580000)
  object space 42496K, 43% used [0x00000000c2000000,0x00000000c31dab68,0x00000000c4980000)
 Metaspace       used 8227K, capacity 8412K, committed 8576K, reserved 1056768K
  class space    used 935K, capacity 1032K, committed 1152K, reserved 1048576K
}
Event: 13303.358 GC heap before
{Heap before GC invocations=106 (full 0):
 PSYoungGen      total 16384K, used 15904K [0x00000000eb580000, 0x00000000ec680000, 0x0000000100000000)
  eden space 15872K, 100% used [0x00000000eb580000,0x00000000ec500000,0x00000000ec500000)
  from space 512K, 6% used [0x00000000ec580000,0x00000000ec588000,0x00000000ec600000)
  to   space 512K, 0% used [0x00000000ec600000,0x00000000ec600000,0x00000000ec680000)
 ParOldGen       total 42496K, used 18282K [0x00000000c2000000, 0x00000000c4980000, 0x00000000eb580000)
  object space 42496K, 43% used [0x00000000c2000000,0x00000000c31dab68,0x00000000c4980000)
 Metaspace       used 8229K, capacity 8412K, committed 8576K, reserved 1056768K
  class space    used 936K, capacity 1032K, committed 1152K, reserved 1048576K
Event: 13303.359 GC heap after
Heap after GC invocations=106 (full 0):
 PSYoungGen      total 16384K, used 96K [0x00000000eb580000, 0x00000000ec680000, 0x0000000100000000)
  eden space 15872K, 0% used [0x00000000eb580000,0x00000000eb580000,0x00000000ec500000)
  from space 512K, 18% used [0x00000000ec600000,0x00000000ec618000,0x00000000ec680000)
  to   space 512K, 0% used [0x00000000ec580000,0x00000000ec580000,0x00000000ec600000)
 ParOldGen       total 42496K, used 18282K [0x00000000c2000000, 0x00000000c4980000, 0x00000000eb580000)
  object space 42496K, 43% used [0x00000000c2000000,0x00000000c31dab68,0x00000000c4980000)
 Metaspace       used 8229K, capacity 8412K, committed 8576K, reserved 1056768K
  class space    used 936K, capacity 1032K, committed 1152K, reserved 1048576K
}
Event: 13368.845 GC heap before
{Heap before GC invocations=107 (full 0):
 PSYoungGen      total 16384K, used 15968K [0x00000000eb580000, 0x00000000ec680000, 0x0000000100000000)
  eden space 15872K, 100% used [0x00000000eb580000,0x00000000ec500000,0x00000000ec500000)
  from space 512K, 18% used [0x00000000ec600000,0x00000000ec618000,0x00000000ec680000)
  to   space 512K, 0% used [0x00000000ec580000,0x00000000ec580000,0x00000000ec600000)
 ParOldGen       total 42496K, used 18282K [0x00000000c2000000, 0x00000000c4980000, 0x00000000eb580000)
  object space 42496K, 43% used [0x00000000c2000000,0x00000000c31dab68,0x00000000c4980000)
 Metaspace       used 8229K, capacity 8412K, committed 8576K, reserved 1056768K
  class space    used 936K, capacity 1032K, committed 1152K, reserved 1048576K
Event: 13368.846 GC heap after
Heap after GC invocations=107 (full 0):
 PSYoungGen      total 16384K, used 128K [0x00000000eb580000, 0x00000000ec680000, 0x0000000100000000)
  eden space 15872K, 0% used [0x00000000eb580000,0x00000000eb580000,0x00000000ec500000)
  from space 512K, 25% used [0x00000000ec580000,0x00000000ec5a0000,0x00000000ec600000)
  to   space 512K, 0% used [0x00000000ec600000,0x00000000ec600000,0x00000000ec680000)
 ParOldGen       total 42496K, used 18298K [0x00000000c2000000, 0x00000000c4980000, 0x00000000eb580000)
  object space 42496K, 43% used [0x00000000c2000000,0x00000000c31deb68,0x00000000c4980000)
 Metaspace       used 8229K, capacity 8412K, committed 8576K, reserved 1056768K
  class space    used 936K, capacity 1032K, committed 1152K, reserved 1048576K
}
Event: 13435.271 GC heap before
{Heap before GC invocations=108 (full 0):
 PSYoungGen      total 16384K, used 16000K [0x00000000eb580000, 0x00000000ec680000, 0x0000000100000000)
  eden space 15872K, 100% used [0x00000000eb580000,0x00000000ec500000,0x00000000ec500000)
  from space 512K, 25% used [0x00000000ec580000,0x00000000ec5a0000,0x00000000ec600000)
  to   space 512K, 0% used [0x00000000ec600000,0x00000000ec600000,0x00000000ec680000)
 ParOldGen       total 42496K, used 18298K [0x00000000c2000000, 0x00000000c4980000, 0x00000000eb580000)
  object space 42496K, 43% used [0x00000000c2000000,0x00000000c31deb68,0x00000000c4980000)
 Metaspace       used 8229K, capacity 8412K, committed 8576K, reserved 1056768K
  class space    used 936K, capacity 1032K, committed 1152K, reserved 1048576K
Event: 13435.273 GC heap after
Heap after GC invocations=108 (full 0):
 PSYoungGen      total 16384K, used 64K [0x00000000eb580000, 0x00000000ec680000, 0x0000000100000000)
  eden space 15872K, 0% used [0x00000000eb580000,0x00000000eb580000,0x00000000ec500000)
  from space 512K, 12% used [0x00000000ec600000,0x00000000ec610000,0x00000000ec680000)
  to   space 512K, 0% used [0x00000000ec580000,0x00000000ec580000,0x00000000ec600000)
 ParOldGen       total 42496K, used 18298K [0x00000000c2000000, 0x00000000c4980000, 0x00000000eb580000)
  object space 42496K, 43% used [0x00000000c2000000,0x00000000c31deb68,0x00000000c4980000)
 Metaspace       used 8229K, capacity 8412K, committed 8576K, reserved 1056768K
  class space    used 936K, capacity 1032K, committed 1152K, reserved 1048576K
}
Event: 13499.658 GC heap before
{Heap before GC invocations=109 (full 0):
 PSYoungGen      total 16384K, used 15936K [0x00000000eb580000, 0x00000000ec680000, 0x0000000100000000)
  eden space 15872K, 100% used [0x00000000eb580000,0x00000000ec500000,0x00000000ec500000)
  from space 512K, 12% used [0x00000000ec600000,0x00000000ec610000,0x00000000ec680000)
  to   space 512K, 0% used [0x00000000ec580000,0x00000000ec580000,0x00000000ec600000)
 ParOldGen       total 42496K, used 18298K [0x00000000c2000000, 0x00000000c4980000, 0x00000000eb580000)
  object space 42496K, 43% used [0x00000000c2000000,0x00000000c31deb68,0x00000000c4980000)
 Metaspace       used 8229K, capacity 8412K, committed 8576K, reserved 1056768K
  class space    used 936K, capacity 1032K, committed 1152K, reserved 1048576K
Event: 13499.661 GC heap after
Heap after GC invocations=109 (full 0):
 PSYoungGen      total 16384K, used 64K [0x00000000eb580000, 0x00000000ec680000, 0x0000000100000000)
  eden space 15872K, 0% used [0x00000000eb580000,0x00000000eb580000,0x00000000ec500000)
  from space 512K, 12% used [0x00000000ec580000,0x00000000ec590000,0x00000000ec600000)
  to   space 512K, 0% used [0x00000000ec600000,0x00000000ec600000,0x00000000ec680000)
 ParOldGen       total 42496K, used 18314K [0x00000000c2000000, 0x00000000c4980000, 0x00000000eb580000)
  object space 42496K, 43% used [0x00000000c2000000,0x00000000c31e2b68,0x00000000c4980000)
 Metaspace       used 8229K, capacity 8412K, committed 8576K, reserved 1056768K
  class space    used 936K, capacity 1032K, committed 1152K, reserved 1048576K
}

