# JRE version: Java(TM) SE Runtime Environment (8.0_261-b12) (build 1.8.0_261-b12)
# Java VM: Java HotSpot(TM) 64-Bit Server VM (25.261-b12 mixed mode windows-amd64 compressed oops)
Heap:
 PSYoungGen      total 18432K, used 4487K [0x00000000eb580000, 0x00000000ed980000, 0x0000000100000000)
  eden space 15872K, 30% used [0x00000000eb580000,0x00000000eba288f0,0x00000000ec500000)
  from space 2560K, 0% used [0x00000000ec500000,0x00000000ec500000,0x00000000ec780000)
  to   space 2560K, 0% used [0x00000000ed700000,0x00000000ed700000,0x00000000ed980000)
 ParOldGen       total 42496K, used 11177K [0x00000000c2000000, 0x00000000c4980000, 0x00000000eb580000)
  object space 42496K, 26% used [0x00000000c2000000,0x00000000c2aea6f0,0x00000000c4980000)
 Metaspace       used 7865K, capacity 8046K, committed 8192K, reserved 1056768K
  class space    used 915K, capacity 999K, committed 1024K, reserved 1048576K
GC Heap History (4 events):
Event: 0.603 GC heap before
{Heap before GC invocations=1 (full 0):
 PSYoungGen      total 18432K, used 15872K [0x00000000eb580000, 0x00000000eca00000, 0x0000000100000000)
  eden space 15872K, 100% used [0x00000000eb580000,0x00000000ec500000,0x00000000ec500000)
  from space 2560K, 0% used [0x00000000ec780000,0x00000000ec780000,0x00000000eca00000)
  to   space 2560K, 0% used [0x00000000ec500000,0x00000000ec500000,0x00000000ec780000)
 ParOldGen       total 42496K, used 0K [0x00000000c2000000, 0x00000000c4980000, 0x00000000eb580000)
  object space 42496K, 0% used [0x00000000c2000000,0x00000000c2000000,0x00000000c4980000)
 Metaspace       used 7861K, capacity 8038K, committed 8192K, reserved 1056768K
  class space    used 915K, capacity 999K, committed 1024K, reserved 1048576K
Event: 0.621 GC heap after
Heap after GC invocations=1 (full 0):
 PSYoungGen      total 18432K, used 1568K [0x00000000eb580000, 0x00000000ed980000, 0x0000000100000000)
  eden space 15872K, 0% used [0x00000000eb580000,0x00000000eb580000,0x00000000ec500000)
  from space 2560K, 61% used [0x00000000ec500000,0x00000000ec688048,0x00000000ec780000)
  to   space 2560K, 0% used [0x00000000ed700000,0x00000000ed700000,0x00000000ed980000)
 ParOldGen       total 42496K, used 28670K [0x00000000c2000000, 0x00000000c4980000, 0x00000000eb580000)
  object space 42496K, 67% used [0x00000000c2000000,0x00000000c3bff830,0x00000000c4980000)
 Metaspace       used 7861K, capacity 8038K, committed 8192K, reserved 1056768K
  class space    used 915K, capacity 999K, committed 1024K, reserved 1048576K
}
Event: 0.621 GC heap before
{Heap before GC invocations=2 (full 1):
 PSYoungGen      total 18432K, used 1568K [0x00000000eb580000, 0x00000000ed980000, 0x0000000100000000)
  eden space 15872K, 0% used [0x00000000eb580000,0x00000000eb580000,0x00000000ec500000)
  from space 2560K, 61% used [0x00000000ec500000,0x00000000ec688048,0x00000000ec780000)
  to   space 2560K, 0% used [0x00000000ed700000,0x00000000ed700000,0x00000000ed980000)
 ParOldGen       total 42496K, used 28670K [0x00000000c2000000, 0x00000000c4980000, 0x00000000eb580000)
  object space 42496K, 67% used [0x00000000c2000000,0x00000000c3bff830,0x00000000c4980000)
 Metaspace       used 7861K, capacity 8038K, committed 8192K, reserved 1056768K
  class space    used 915K, capacity 999K, committed 1024K, reserved 1048576K
Event: 0.636 GC heap after
Heap after GC invocations=2 (full 1):
 PSYoungGen      total 18432K, used 0K [0x00000000eb580000, 0x00000000ed980000, 0x0000000100000000)
  eden space 15872K, 0% used [0x00000000eb580000,0x00000000eb580000,0x00000000ec500000)
  from space 2560K, 0% used [0x00000000ec500000,0x00000000ec500000,0x00000000ec780000)
  to   space 2560K, 0% used [0x00000000ed700000,0x00000000ed700000,0x00000000ed980000)
 ParOldGen       total 42496K, used 11177K [0x00000000c2000000, 0x00000000c4980000, 0x00000000eb580000)
  object space 42496K, 26% used [0x00000000c2000000,0x00000000c2aea6f0,0x00000000c4980000)
 Metaspace       used 7861K, capacity 8038K, committed 8192K, reserved 1056768K
  class space    used 915K, capacity 999K, committed 1024K, reserved 1048576K
}

